<?xml version="1.0" encoding="UTF-8"?>
<!-- Generated by org.testng.reporters.JUnitReportReporter -->
<testsuite skipped="0" hostname="HDC0007582" name="com.selenium.examples.netbanking.AddCustomer" tests="1" failures="0" timestamp="2019-12-31T16:20:58 IST" time="12.217" errors="0">
  <testcase name="addnewcustomer" time="12.217" classname="com.selenium.examples.netbanking.AddCustomer"/>
</testsuite> <!-- com.selenium.examples.netbanking.AddCustomer -->
